0 verbose cli /Users/pavelroshanov/.nvm/versions/node/v22.17.0/bin/node /Users/pavelroshanov/.nvm/versions/node/v22.17.0/bin/npm
1 info using npm@11.6.4
2 info using node@v22.17.0
3 silly config load:file:/Users/pavelroshanov/.nvm/versions/node/v22.17.0/lib/node_modules/npm/npmrc
4 silly config load:file:/Users/pavelroshanov/Documents/KCRU Director/Software projects/KCRU website/.npmrc
5 silly config load:file:/Users/pavelroshanov/.npmrc
6 silly config load:file:/Users/pavelroshanov/.nvm/versions/node/v22.17.0/etc/npmrc
7 verbose title npm install @sanity/ui@^2.1.10
8 verbose argv "install" "--no-fund" "--no-audit" "@sanity/ui@^2.1.10"
9 verbose logfile logs-max:10 dir:/Users/pavelroshanov/Documents/KCRU Director/Software projects/KCRU website/.npm-cache/_logs/2025-12-11T02_39_33_937Z-
10 verbose logfile /Users/pavelroshanov/Documents/KCRU Director/Software projects/KCRU website/.npm-cache/_logs/2025-12-11T02_39_33_937Z-debug-0.log
11 silly logfile done cleaning log files
12 silly packumentCache heap:4345298944 maxSize:1086324736 maxEntrySize:543162368
13 verbose shrinkwrap failed to load node_modules/.package-lock.json out of date, updated: node_modules
14 silly idealTree buildDeps
15 silly fetch manifest @sanity/ui@^2.1.10
16 silly packumentCache full:https://registry.npmjs.org/@sanity%2fui cache-miss
17 http fetch GET 200 https://registry.npmjs.org/npm 422ms
18 http fetch GET 200 https://registry.npmjs.org/@sanity%2fui 374ms (cache revalidated)
19 silly packumentCache full:https://registry.npmjs.org/@sanity%2fui set size:5636298 disposed:false
20 silly fetch manifest react@^18.3.1
21 silly packumentCache full:https://registry.npmjs.org/react cache-miss
22 http fetch GET 200 https://registry.npmjs.org/react 48ms (cache revalidated)
23 silly packumentCache full:https://registry.npmjs.org/react set size:6320654 disposed:false
24 silly fetch manifest react-dom@^18.3.1
25 silly packumentCache full:https://registry.npmjs.org/react-dom cache-miss
26 http fetch GET 200 https://registry.npmjs.org/react-dom 46ms (cache revalidated)
27 silly packumentCache full:https://registry.npmjs.org/react-dom set size:8303213 disposed:false
28 silly fetch manifest react-is@^18 || >=19.0.0-0
29 silly packumentCache full:https://registry.npmjs.org/react-is cache-miss
30 http fetch GET 200 https://registry.npmjs.org/react-is 60ms (cache revalidated)
31 silly packumentCache full:https://registry.npmjs.org/react-is set size:5123974 disposed:false
32 silly fetch manifest styled-components@^6.1.19
33 silly packumentCache full:https://registry.npmjs.org/styled-components cache-miss
34 http fetch GET 200 https://registry.npmjs.org/styled-components 40ms (cache revalidated)
35 silly packumentCache full:https://registry.npmjs.org/styled-components set size:1968910 disposed:false
36 silly placeDep ROOT @sanity/ui@2.16.22 OK for: kcru-website@1.0.0 want: ^2.1.10
37 silly placeDep ROOT react-is@19.2.1 REPLACE for: @sanity/ui@2.16.22 want: ^18 || >=19.0.0-0
38 silly fetch manifest react-refractor@^2.2.0
39 silly packumentCache full:https://registry.npmjs.org/react-refractor cache-miss
40 http fetch GET 200 https://registry.npmjs.org/react-refractor 49ms (cache revalidated)
41 silly packumentCache full:https://registry.npmjs.org/react-refractor set size:59577 disposed:false
42 silly fetch manifest react@^18 || >=19.0.0-0
43 silly packumentCache full:https://registry.npmjs.org/react cache-miss
44 http cache https://registry.npmjs.org/react 7ms (cache hit)
45 silly packumentCache full:https://registry.npmjs.org/react set size:6320654 disposed:false
46 silly placeDep node_modules/@sanity/ui react-refractor@2.2.0 OK for: @sanity/ui@2.16.22 want: ^2.2.0
47 silly fetch manifest refractor@^3.6.0
48 silly packumentCache full:https://registry.npmjs.org/refractor cache-miss
49 silly fetch manifest unist-util-filter@^2.0.2
50 silly packumentCache full:https://registry.npmjs.org/unist-util-filter cache-miss
51 silly fetch manifest unist-util-visit-parents@^3.0.2
52 silly packumentCache full:https://registry.npmjs.org/unist-util-visit-parents cache-miss
53 http fetch GET 200 https://registry.npmjs.org/unist-util-filter 55ms (cache revalidated)
54 silly packumentCache full:https://registry.npmjs.org/unist-util-filter set size:54589 disposed:false
55 http fetch GET 200 https://registry.npmjs.org/refractor 95ms (cache revalidated)
56 silly packumentCache full:https://registry.npmjs.org/refractor set size:213355 disposed:false
57 http fetch GET 200 https://registry.npmjs.org/unist-util-visit-parents 98ms (cache revalidated)
58 silly packumentCache full:https://registry.npmjs.org/unist-util-visit-parents set size:103476 disposed:false
59 silly fetch manifest react-is@^16.7.0
60 silly packumentCache full:https://registry.npmjs.org/react-is cache-miss
61 http cache https://registry.npmjs.org/react-is 7ms (cache hit)
62 silly packumentCache full:https://registry.npmjs.org/react-is set size:5123974 disposed:false
63 silly placeDep node_modules/hoist-non-react-statics react-is@16.13.1 OK for: hoist-non-react-statics@3.3.2 want: ^16.7.0
64 silly fetch manifest react-is@^16.13.1
65 silly packumentCache full:https://registry.npmjs.org/react-is cache-miss
66 http cache https://registry.npmjs.org/react-is 7ms (cache hit)
67 silly packumentCache full:https://registry.npmjs.org/react-is set size:5123974 disposed:false
68 silly placeDep node_modules/prop-types react-is@16.13.1 OK for: prop-types@15.8.1 want: ^16.13.1
69 silly placeDep node_modules/@sanity/ui refractor@3.6.0 OK for: react-refractor@2.2.0 want: ^3.6.0
70 silly placeDep node_modules/@sanity/ui unist-util-filter@2.0.3 OK for: react-refractor@2.2.0 want: ^2.0.2
71 silly placeDep node_modules/@sanity/ui unist-util-visit-parents@3.1.1 OK for: react-refractor@2.2.0 want: ^3.0.2
72 silly fetch manifest prismjs@~1.27.0
73 silly packumentCache full:https://registry.npmjs.org/prismjs cache-miss
74 silly fetch manifest hastscript@^6.0.0
75 silly packumentCache full:https://registry.npmjs.org/hastscript cache-miss
76 silly fetch manifest parse-entities@^2.0.0
77 silly packumentCache full:https://registry.npmjs.org/parse-entities cache-miss
78 silly fetch manifest unist-util-is@^4.0.0
79 silly packumentCache full:https://registry.npmjs.org/unist-util-is cache-miss
80 silly fetch manifest @types/unist@^2.0.0
81 silly packumentCache full:https://registry.npmjs.org/@types%2funist cache-miss
82 silly fetch manifest unist-util-is@^4.0.0
83 silly packumentCache full:https://registry.npmjs.org/unist-util-is cache-miss
84 http fetch GET 200 https://registry.npmjs.org/prismjs 32ms (cache revalidated)
85 silly packumentCache full:https://registry.npmjs.org/prismjs set size:114071 disposed:false
86 http fetch GET 200 https://registry.npmjs.org/hastscript 57ms (cache revalidated)
87 silly packumentCache full:https://registry.npmjs.org/hastscript set size:89704 disposed:false
88 http fetch GET 200 https://registry.npmjs.org/unist-util-is 62ms (cache revalidated)
89 silly packumentCache full:https://registry.npmjs.org/unist-util-is set size:79350 disposed:false
90 http fetch GET 200 https://registry.npmjs.org/unist-util-is 69ms (cache revalidated)
91 silly packumentCache full:https://registry.npmjs.org/unist-util-is set size:79350 disposed:false
92 silly packumentCache full:https://registry.npmjs.org/unist-util-is dispose
93 http fetch GET 200 https://registry.npmjs.org/@types%2funist 80ms (cache revalidated)
94 silly packumentCache full:https://registry.npmjs.org/@types%2funist set size:39215 disposed:false
95 http fetch GET 200 https://registry.npmjs.org/parse-entities 87ms (cache revalidated)
96 silly packumentCache full:https://registry.npmjs.org/parse-entities set size:58539 disposed:false
97 silly placeDep node_modules/@sanity/ui hastscript@6.0.0 OK for: refractor@3.6.0 want: ^6.0.0
98 silly placeDep node_modules/@sanity/ui parse-entities@2.0.0 OK for: refractor@3.6.0 want: ^2.0.0
99 silly placeDep ROOT prismjs@1.27.0 OK for: refractor@3.6.0 want: ~1.27.0
100 silly fetch manifest @types/hast@^2.0.0
101 silly packumentCache full:https://registry.npmjs.org/@types%2fhast cache-miss
102 silly fetch manifest property-information@^5.0.0
103 silly packumentCache full:https://registry.npmjs.org/property-information cache-miss
104 silly fetch manifest comma-separated-tokens@^1.0.0
105 silly packumentCache full:https://registry.npmjs.org/comma-separated-tokens cache-miss
106 silly fetch manifest space-separated-tokens@^1.0.0
107 silly packumentCache full:https://registry.npmjs.org/space-separated-tokens cache-miss
108 silly fetch manifest hast-util-parse-selector@^2.0.0
109 silly packumentCache full:https://registry.npmjs.org/hast-util-parse-selector cache-miss
110 silly fetch manifest is-decimal@^1.0.0
111 silly packumentCache full:https://registry.npmjs.org/is-decimal cache-miss
112 silly fetch manifest is-hexadecimal@^1.0.0
113 silly packumentCache full:https://registry.npmjs.org/is-hexadecimal cache-miss
114 silly fetch manifest is-alphanumerical@^1.0.0
115 silly packumentCache full:https://registry.npmjs.org/is-alphanumerical cache-miss
116 silly fetch manifest character-entities@^1.0.0
117 silly packumentCache full:https://registry.npmjs.org/character-entities cache-miss
118 http fetch GET 200 https://registry.npmjs.org/character-entities 43ms (cache revalidated)
119 silly packumentCache full:https://registry.npmjs.org/character-entities set size:36394 disposed:false
120 silly fetch manifest character-entities-legacy@^1.0.0
121 silly packumentCache full:https://registry.npmjs.org/character-entities-legacy cache-miss
122 http fetch GET 200 https://registry.npmjs.org/is-decimal 49ms (cache revalidated)
123 silly packumentCache full:https://registry.npmjs.org/is-decimal set size:25885 disposed:false
124 silly fetch manifest character-reference-invalid@^1.0.0
125 silly packumentCache full:https://registry.npmjs.org/character-reference-invalid cache-miss
126 http fetch GET 200 https://registry.npmjs.org/comma-separated-tokens 52ms (cache revalidated)
127 silly packumentCache full:https://registry.npmjs.org/comma-separated-tokens set size:45877 disposed:false
128 http fetch GET 200 https://registry.npmjs.org/@types%2fhast 54ms (cache revalidated)
129 silly packumentCache full:https://registry.npmjs.org/@types%2fhast set size:32563 disposed:false
130 http fetch GET 200 https://registry.npmjs.org/space-separated-tokens 56ms (cache revalidated)
131 silly packumentCache full:https://registry.npmjs.org/space-separated-tokens set size:36967 disposed:false
132 http fetch GET 200 https://registry.npmjs.org/is-alphanumerical 70ms (cache revalidated)
133 silly packumentCache full:https://registry.npmjs.org/is-alphanumerical set size:27515 disposed:false
134 http fetch GET 200 https://registry.npmjs.org/property-information 72ms (cache revalidated)
135 silly packumentCache full:https://registry.npmjs.org/property-information set size:183767 disposed:false
136 http fetch GET 200 https://registry.npmjs.org/is-hexadecimal 88ms (cache revalidated)
137 silly packumentCache full:https://registry.npmjs.org/is-hexadecimal set size:26554 disposed:false
138 http fetch GET 200 https://registry.npmjs.org/character-reference-invalid 47ms (cache revalidated)
139 silly packumentCache full:https://registry.npmjs.org/character-reference-invalid set size:34715 disposed:false
140 http fetch GET 200 https://registry.npmjs.org/hast-util-parse-selector 97ms (cache revalidated)
141 silly packumentCache full:https://registry.npmjs.org/hast-util-parse-selector set size:53712 disposed:false
142 http fetch GET 200 https://registry.npmjs.org/character-entities-legacy 56ms (cache revalidated)
143 silly packumentCache full:https://registry.npmjs.org/character-entities-legacy set size:34121 disposed:false
144 silly placeDep node_modules/@sanity/ui @types/hast@2.3.10 OK for: hastscript@6.0.0 want: ^2.0.0
145 silly placeDep node_modules/@sanity/ui comma-separated-tokens@1.0.8 OK for: hastscript@6.0.0 want: ^1.0.0
146 silly placeDep node_modules/@sanity/ui hast-util-parse-selector@2.2.5 OK for: hastscript@6.0.0 want: ^2.0.0
147 silly placeDep node_modules/@sanity/ui property-information@5.6.0 OK for: hastscript@6.0.0 want: ^5.0.0
148 silly placeDep node_modules/@sanity/ui space-separated-tokens@1.1.5 OK for: hastscript@6.0.0 want: ^1.0.0
149 silly fetch manifest @types/unist@^2
150 silly packumentCache full:https://registry.npmjs.org/@types%2funist cache-hit
151 silly placeDep node_modules/@sanity/ui @types/unist@2.0.11 OK for: @types/hast@2.3.10 want: ^2
152 silly placeDep node_modules/@sanity/ui character-entities@1.2.4 OK for: parse-entities@2.0.0 want: ^1.0.0
153 silly placeDep node_modules/@sanity/ui character-entities-legacy@1.1.4 OK for: parse-entities@2.0.0 want: ^1.0.0
154 silly placeDep node_modules/@sanity/ui character-reference-invalid@1.1.4 OK for: parse-entities@2.0.0 want: ^1.0.0
155 silly placeDep node_modules/@sanity/ui is-alphanumerical@1.0.4 OK for: parse-entities@2.0.0 want: ^1.0.0
156 silly placeDep node_modules/@sanity/ui is-decimal@1.0.4 OK for: parse-entities@2.0.0 want: ^1.0.0
157 silly placeDep node_modules/@sanity/ui is-hexadecimal@1.0.4 OK for: parse-entities@2.0.0 want: ^1.0.0
158 silly fetch manifest is-alphabetical@^1.0.0
159 silly packumentCache full:https://registry.npmjs.org/is-alphabetical cache-miss
160 http fetch GET 200 https://registry.npmjs.org/is-alphabetical 62ms (cache revalidated)
161 silly packumentCache full:https://registry.npmjs.org/is-alphabetical set size:26798 disposed:false
162 silly placeDep node_modules/@sanity/ui is-alphabetical@1.0.4 OK for: is-alphanumerical@1.0.4 want: ^1.0.0
163 silly placeDep node_modules/@sanity/ui unist-util-is@4.1.0 OK for: unist-util-filter@2.0.3 want: ^4.0.0
164 silly reify mark retired [
164 silly reify   '/Users/pavelroshanov/Documents/KCRU Director/Software projects/KCRU website/node_modules/baseline-browser-mapping',
164 silly reify   '/Users/pavelroshanov/Documents/KCRU Director/Software projects/KCRU website/node_modules/.bin/baseline-browser-mapping'
164 silly reify ]
165 silly reify mark retired [
165 silly reify   '/Users/pavelroshanov/Documents/KCRU Director/Software projects/KCRU website/node_modules/browserslist',
165 silly reify   '/Users/pavelroshanov/Documents/KCRU Director/Software projects/KCRU website/node_modules/.bin/browserslist'
165 silly reify ]
166 silly reify mark retired [
166 silly reify   '/Users/pavelroshanov/Documents/KCRU Director/Software projects/KCRU website/node_modules/hoist-non-react-statics/node_modules/react-is'
166 silly reify ]
167 silly reify mark retired [
167 silly reify   '/Users/pavelroshanov/Documents/KCRU Director/Software projects/KCRU website/node_modules/is-docker',
167 silly reify   '/Users/pavelroshanov/Documents/KCRU Director/Software projects/KCRU website/node_modules/.bin/is-docker'
167 silly reify ]
168 silly reify mark retired [
168 silly reify   '/Users/pavelroshanov/Documents/KCRU Director/Software projects/KCRU website/node_modules/loose-envify',
168 silly reify   '/Users/pavelroshanov/Documents/KCRU Director/Software projects/KCRU website/node_modules/.bin/loose-envify'
168 silly reify ]
169 silly reify mark retired [
169 silly reify   '/Users/pavelroshanov/Documents/KCRU Director/Software projects/KCRU website/node_modules/prismjs'
169 silly reify ]
170 silly reify mark retired [
170 silly reify   '/Users/pavelroshanov/Documents/KCRU Director/Software projects/KCRU website/node_modules/prop-types/node_modules/react-is'
170 silly reify ]
171 silly reify mark retired [
171 silly reify   '/Users/pavelroshanov/Documents/KCRU Director/Software projects/KCRU website/node_modules/react-is'
171 silly reify ]
172 silly reify mark retired [
172 silly reify   '/Users/pavelroshanov/Documents/KCRU Director/Software projects/KCRU website/node_modules/rimraf',
172 silly reify   '/Users/pavelroshanov/Documents/KCRU Director/Software projects/KCRU website/node_modules/.bin/rimraf'
172 silly reify ]
173 silly reify mark retired [
173 silly reify   '/Users/pavelroshanov/Documents/KCRU Director/Software projects/KCRU website/node_modules/typescript',
173 silly reify   '/Users/pavelroshanov/Documents/KCRU Director/Software projects/KCRU website/node_modules/.bin/tsc',
173 silly reify   '/Users/pavelroshanov/Documents/KCRU Director/Software projects/KCRU website/node_modules/.bin/tsserver'
173 silly reify ]
174 silly reify mark retired [
174 silly reify   '/Users/pavelroshanov/Documents/KCRU Director/Software projects/KCRU website/node_modules/@sanity/ui'
174 silly reify ]
175 silly reify moves {
175 silly reify   '/Users/pavelroshanov/Documents/KCRU Director/Software projects/KCRU website/node_modules/baseline-browser-mapping': '/Users/pavelroshanov/Documents/KCRU Director/Software projects/KCRU website/node_modules/.baseline-browser-mapping-pcgSvtaX',
175 silly reify   '/Users/pavelroshanov/Documents/KCRU Director/Software projects/KCRU website/node_modules/.bin/baseline-browser-mapping': '/Users/pavelroshanov/Documents/KCRU Director/Software projects/KCRU website/node_modules/.bin/.baseline-browser-mapping-CP6phEvx',
175 silly reify   '/Users/pavelroshanov/Documents/KCRU Director/Software projects/KCRU website/node_modules/browserslist': '/Users/pavelroshanov/Documents/KCRU Director/Software projects/KCRU website/node_modules/.browserslist-8ySOIJMt',
175 silly reify   '/Users/pavelroshanov/Documents/KCRU Director/Software projects/KCRU website/node_modules/.bin/browserslist': '/Users/pavelroshanov/Documents/KCRU Director/Software projects/KCRU website/node_modules/.bin/.browserslist-3XNqbD73',
175 silly reify   '/Users/pavelroshanov/Documents/KCRU Director/Software projects/KCRU website/node_modules/hoist-non-react-statics/node_modules/react-is': '/Users/pavelroshanov/Documents/KCRU Director/Software projects/KCRU website/node_modules/hoist-non-react-statics/node_modules/.react-is-XV7RCqIb',
175 silly reify   '/Users/pavelroshanov/Documents/KCRU Director/Software projects/KCRU website/node_modules/is-docker': '/Users/pavelroshanov/Documents/KCRU Director/Software projects/KCRU website/node_modules/.is-docker-DntowY9K',
175 silly reify   '/Users/pavelroshanov/Documents/KCRU Director/Software projects/KCRU website/node_modules/.bin/is-docker': '/Users/pavelroshanov/Documents/KCRU Director/Software projects/KCRU website/node_modules/.bin/.is-docker-snRiyd3x',
175 silly reify   '/Users/pavelroshanov/Documents/KCRU Director/Software projects/KCRU website/node_modules/loose-envify': '/Users/pavelroshanov/Documents/KCRU Director/Software projects/KCRU website/node_modules/.loose-envify-agITGB7p',
175 silly reify   '/Users/pavelroshanov/Documents/KCRU Director/Software projects/KCRU website/node_modules/.bin/loose-envify': '/Users/pavelroshanov/Documents/KCRU Director/Software projects/KCRU website/node_modules/.bin/.loose-envify-uIayd5Ix',
175 silly reify   '/Users/pavelroshanov/Documents/KCRU Director/Software projects/KCRU website/node_modules/prismjs': '/Users/pavelroshanov/Documents/KCRU Director/Software projects/KCRU website/node_modules/.prismjs-gPntBKrV',
175 silly reify   '/Users/pavelroshanov/Documents/KCRU Director/Software projects/KCRU website/node_modules/prop-types/node_modules/react-is': '/Users/pavelroshanov/Documents/KCRU Director/Software projects/KCRU website/node_modules/prop-types/node_modules/.react-is-nLmeeVw1',
175 silly reify   '/Users/pavelroshanov/Documents/KCRU Director/Software projects/KCRU website/node_modules/react-is': '/Users/pavelroshanov/Documents/KCRU Director/Software projects/KCRU website/node_modules/.react-is-rsYYZFQD',
175 silly reify   '/Users/pavelroshanov/Documents/KCRU Director/Software projects/KCRU website/node_modules/rimraf': '/Users/pavelroshanov/Documents/KCRU Director/Software projects/KCRU website/node_modules/.rimraf-gc3so57I',
175 silly reify   '/Users/pavelroshanov/Documents/KCRU Director/Software projects/KCRU website/node_modules/.bin/rimraf': '/Users/pavelroshanov/Documents/KCRU Director/Software projects/KCRU website/node_modules/.bin/.rimraf-upFl55Fh',
175 silly reify   '/Users/pavelroshanov/Documents/KCRU Director/Software projects/KCRU website/node_modules/typescript': '/Users/pavelroshanov/Documents/KCRU Director/Software projects/KCRU website/node_modules/.typescript-Y1Gt7HdL',
175 silly reify   '/Users/pavelroshanov/Documents/KCRU Director/Software projects/KCRU website/node_modules/.bin/tsc': '/Users/pavelroshanov/Documents/KCRU Director/Software projects/KCRU website/node_modules/.bin/.tsc-22hY5nLY',
175 silly reify   '/Users/pavelroshanov/Documents/KCRU Director/Software projects/KCRU website/node_modules/.bin/tsserver': '/Users/pavelroshanov/Documents/KCRU Director/Software projects/KCRU website/node_modules/.bin/.tsserver-aKnRjEcP',
175 silly reify   '/Users/pavelroshanov/Documents/KCRU Director/Software projects/KCRU website/node_modules/@sanity/ui': '/Users/pavelroshanov/Documents/KCRU Director/Software projects/KCRU website/node_modules/@sanity/.ui-sOsR8axR'
175 silly reify }
176 verbose stack Error: ENOTEMPTY: directory not empty, rename '/Users/pavelroshanov/Documents/KCRU Director/Software projects/KCRU website/node_modules/react-is' -> '/Users/pavelroshanov/Documents/KCRU Director/Software projects/KCRU website/node_modules/.react-is-rsYYZFQD'
176 verbose stack     at async Object.rename (node:internal/fs/promises:784:10)
176 verbose stack     at async moveFile (/Users/pavelroshanov/.nvm/versions/node/v22.17.0/lib/node_modules/npm/node_modules/@npmcli/fs/lib/move-file.js:30:5)
176 verbose stack     at async Promise.allSettled (index 11)
176 verbose stack     at async #reifyPackages (/Users/pavelroshanov/.nvm/versions/node/v22.17.0/lib/node_modules/npm/node_modules/@npmcli/arborist/lib/arborist/reify.js:309:11)
176 verbose stack     at async Arborist.reify (/Users/pavelroshanov/.nvm/versions/node/v22.17.0/lib/node_modules/npm/node_modules/@npmcli/arborist/lib/arborist/reify.js:121:5)
176 verbose stack     at async Install.exec (/Users/pavelroshanov/.nvm/versions/node/v22.17.0/lib/node_modules/npm/lib/commands/install.js:150:5)
176 verbose stack     at async Npm.exec (/Users/pavelroshanov/.nvm/versions/node/v22.17.0/lib/node_modules/npm/lib/npm.js:208:9)
176 verbose stack     at async module.exports (/Users/pavelroshanov/.nvm/versions/node/v22.17.0/lib/node_modules/npm/lib/cli/entry.js:67:5)
177 error code ENOTEMPTY
178 error syscall rename
179 error path /Users/pavelroshanov/Documents/KCRU Director/Software projects/KCRU website/node_modules/react-is
180 error dest /Users/pavelroshanov/Documents/KCRU Director/Software projects/KCRU website/node_modules/.react-is-rsYYZFQD
181 error errno -66
182 error ENOTEMPTY: directory not empty, rename '/Users/pavelroshanov/Documents/KCRU Director/Software projects/KCRU website/node_modules/react-is' -> '/Users/pavelroshanov/Documents/KCRU Director/Software projects/KCRU website/node_modules/.react-is-rsYYZFQD'
183 silly unfinished npm timer reify 1765420774343
184 silly unfinished npm timer reify:retireShallow 1765420775830
185 verbose cwd /Users/pavelroshanov/Documents/KCRU Director/Software projects/KCRU website
186 verbose os Darwin 25.2.0
187 verbose node v22.17.0
188 verbose npm  v11.6.4
189 notice
189 notice New [33mminor[39m version of npm available! [33m11.6.4[39m -> [34m11.7.0[39m
189 notice Changelog: [34mhttps://github.com/npm/cli/releases/tag/v11.7.0[39m
189 notice To update run: [4mnpm install -g npm@11.7.0[24m
189 notice  { force: true, [Symbol(proc-log.meta)]: true }
190 verbose exit -66
191 verbose code -66
192 error A complete log of this run can be found in: /Users/pavelroshanov/Documents/KCRU Director/Software projects/KCRU website/.npm-cache/_logs/2025-12-11T02_39_33_937Z-debug-0.log
